<?xml version="1.0" encoding="UTF-8"?>
<!-- Generated by org.testng.reporters.JUnitReportReporter -->
<testsuite hostname="LAPTOP-2RQIRGO3" failures="0" tests="1" name="guru.guruBank.GuruBank_LandingPage_Test" time="0.000" errors="0" timestamp="02 Dec 2019 08:57:04 GMT" skipped="1">
  <testcase classname="guru.guruBank.GuruBank_LandingPage_Test" name="LaningPageTest" time="0.000">
    <skipped/>
  </testcase> <!-- LaningPageTest -->
</testsuite> <!-- guru.guruBank.GuruBank_LandingPage_Test -->
