<?xml version="1.0" encoding="UTF-8"?>
<!-- Generated by org.testng.reporters.JUnitReportReporter -->
<testsuite hostname="LAPTOP-2RQIRGO3" failures="0" tests="1" name="guru.guruBank.testPath" time="0.016" errors="0" timestamp="02 Dec 2019 11:36:24 GMT" skipped="0">
  <testcase classname="guru.guruBank.testPath" name="testPath" time="0.016"/>
</testsuite> <!-- guru.guruBank.testPath -->
