<?xml version="1.0" encoding="UTF-8"?>
<!-- Generated by org.testng.reporters.JUnitReportReporter -->
<testsuite hostname="LAPTOP-2RQIRGO3" failures="0" tests="1" name="guru.guruBank.GuruBank_LandingPage_Test" time="13.103" errors="0" timestamp="02 Dec 2019 11:40:18 GMT" skipped="0">
  <testcase classname="guru.guruBank.GuruBank_LandingPage_Test" name="LaningPageTest" time="13.103"/>
</testsuite> <!-- guru.guruBank.GuruBank_LandingPage_Test -->
